<?xml version="1.0" encoding="UTF-8"?>
<!-- Generated by org.testng.reporters.JUnitReportReporter -->
<testsuite hostname="SVAVVASHAA1" name="com.goodreads.testcases.SearchByAuthor" tests="1" failures="0" timestamp="24 May 2020 15:13:06 GMT" time="0.418" errors="0">
  <testcase name="SearchAuthor" time="0.418" classname="com.goodreads.testcases.SearchByAuthor"/>
</testsuite> <!-- com.goodreads.testcases.SearchByAuthor -->
