<?xml version="1.0" encoding="UTF-8"?>
<!-- Generated by org.testng.reporters.JUnitReportReporter -->
<testsuite hostname="SVAVVASHAA1" name="com.goodreads.testcases.SearchByQuote" tests="1" failures="0" timestamp="24 May 2020 15:11:18 GMT" time="6.799" errors="0">
  <testcase name="SearchBookByQuote" time="6.799" classname="com.goodreads.testcases.SearchByQuote"/>
</testsuite> <!-- com.goodreads.testcases.SearchByQuote -->
