<?xml version="1.0" encoding="UTF-8"?>
<!-- Generated by org.testng.reporters.JUnitReportReporter -->
<testsuite hostname="SVAVVASHAA1" name="com.goodreads.testcases.SearchByYear" tests="1" failures="0" timestamp="24 May 2020 15:21:37 GMT" time="0.715" errors="0">
  <testcase name="SearchYear" time="0.715" classname="com.goodreads.testcases.SearchByYear"/>
</testsuite> <!-- com.goodreads.testcases.SearchByYear -->
